2023-11-17 23:03:46,935 ----------------------------------------------------------------------------------------------------
2023-11-17 23:03:46,936 Model: "TextRegressor(
  (document_embeddings): TransformerDocumentEmbeddings(
    (model): DistilBertModel(
      (embeddings): Embeddings(
        (word_embeddings): Embedding(30523, 768)
        (position_embeddings): Embedding(512, 768)
        (LayerNorm): LayerNorm((768,), eps=1e-12, elementwise_affine=True)
        (dropout): Dropout(p=0.1, inplace=False)
      )
      (transformer): Transformer(
        (layer): ModuleList(
          (0-5): 6 x TransformerBlock(
            (attention): MultiHeadSelfAttention(
              (dropout): Dropout(p=0.1, inplace=False)
              (q_lin): Linear(in_features=768, out_features=768, bias=True)
              (k_lin): Linear(in_features=768, out_features=768, bias=True)
              (v_lin): Linear(in_features=768, out_features=768, bias=True)
              (out_lin): Linear(in_features=768, out_features=768, bias=True)
            )
            (sa_layer_norm): LayerNorm((768,), eps=1e-12, elementwise_affine=True)
            (ffn): FFN(
              (dropout): Dropout(p=0.1, inplace=False)
              (lin1): Linear(in_features=768, out_features=3072, bias=True)
              (lin2): Linear(in_features=3072, out_features=768, bias=True)
              (activation): GELUActivation()
            )
            (output_layer_norm): LayerNorm((768,), eps=1e-12, elementwise_affine=True)
          )
        )
      )
    )
  )
  (decoder): Linear(in_features=768, out_features=1, bias=True)
  (loss_function): MSELoss()
)"
2023-11-17 23:03:46,936 ----------------------------------------------------------------------------------------------------
2023-11-17 23:03:46,936 Corpus: 785 train + 73 dev + 672 test sentences
2023-11-17 23:03:46,936 ----------------------------------------------------------------------------------------------------
2023-11-17 23:03:46,936 Train:  785 sentences
2023-11-17 23:03:46,936         (train_with_dev=False, train_with_test=False)
2023-11-17 23:03:46,936 ----------------------------------------------------------------------------------------------------
2023-11-17 23:03:46,936 Training Params:
2023-11-17 23:03:46,936  - learning_rate: "5e-05" 
2023-11-17 23:03:46,936  - mini_batch_size: "4"
2023-11-17 23:03:46,936  - max_epochs: "10"
2023-11-17 23:03:46,936  - shuffle: "True"
2023-11-17 23:03:46,936 ----------------------------------------------------------------------------------------------------
2023-11-17 23:03:46,936 Plugins:
2023-11-17 23:03:46,936  - LinearScheduler | warmup_fraction: '0.1'
2023-11-17 23:03:46,936 ----------------------------------------------------------------------------------------------------
2023-11-17 23:03:46,936 Final evaluation on model after last epoch (final-model.pt)
2023-11-17 23:03:46,936  - metric: "('micro avg', 'f1-score')"
2023-11-17 23:03:46,936 ----------------------------------------------------------------------------------------------------
2023-11-17 23:03:46,936 Computation:
2023-11-17 23:03:46,936  - compute on device: cuda:0
2023-11-17 23:03:46,936  - embedding storage: none
2023-11-17 23:03:46,936 ----------------------------------------------------------------------------------------------------
2023-11-17 23:03:46,936 Model training base path: "resources/taggers/question-classification-with-transformer/sad"
2023-11-17 23:03:46,936 ----------------------------------------------------------------------------------------------------
2023-11-17 23:03:46,936 ----------------------------------------------------------------------------------------------------
2023-11-17 23:03:48,256 epoch 1 - iter 19/197 - loss 0.15191084 - time (sec): 1.32 - samples/sec: 57.57 - lr: 0.000005 - momentum: 0.000000
2023-11-17 23:03:48,816 epoch 1 - iter 38/197 - loss 0.11342916 - time (sec): 1.88 - samples/sec: 80.87 - lr: 0.000009 - momentum: 0.000000
2023-11-17 23:03:49,368 epoch 1 - iter 57/197 - loss 0.10095153 - time (sec): 2.43 - samples/sec: 93.77 - lr: 0.000014 - momentum: 0.000000
2023-11-17 23:03:49,925 epoch 1 - iter 76/197 - loss 0.09724797 - time (sec): 2.99 - samples/sec: 101.72 - lr: 0.000019 - momentum: 0.000000
2023-11-17 23:03:50,474 epoch 1 - iter 95/197 - loss 0.09610865 - time (sec): 3.54 - samples/sec: 107.40 - lr: 0.000024 - momentum: 0.000000
2023-11-17 23:03:51,037 epoch 1 - iter 114/197 - loss 0.09330088 - time (sec): 4.10 - samples/sec: 111.20 - lr: 0.000029 - momentum: 0.000000
2023-11-17 23:03:51,586 epoch 1 - iter 133/197 - loss 0.08956446 - time (sec): 4.65 - samples/sec: 114.41 - lr: 0.000034 - momentum: 0.000000
2023-11-17 23:03:52,150 epoch 1 - iter 152/197 - loss 0.08512788 - time (sec): 5.21 - samples/sec: 116.61 - lr: 0.000038 - momentum: 0.000000
2023-11-17 23:03:52,705 epoch 1 - iter 171/197 - loss 0.08221274 - time (sec): 5.77 - samples/sec: 118.57 - lr: 0.000043 - momentum: 0.000000
2023-11-17 23:03:53,265 epoch 1 - iter 190/197 - loss 0.07799038 - time (sec): 6.33 - samples/sec: 120.09 - lr: 0.000048 - momentum: 0.000000
2023-11-17 23:03:53,468 ----------------------------------------------------------------------------------------------------
2023-11-17 23:03:53,468 EPOCH 1 done: loss 0.0766 - lr: 0.000048
2023-11-17 23:03:53,563 DEV : loss 0.05024268478155136 - f1-score (micro avg)  0.6292
2023-11-17 23:03:53,576 ----------------------------------------------------------------------------------------------------
2023-11-17 23:03:54,115 epoch 2 - iter 19/197 - loss 0.04080655 - time (sec): 0.54 - samples/sec: 141.02 - lr: 0.000049 - momentum: 0.000000
2023-11-17 23:03:54,669 epoch 2 - iter 38/197 - loss 0.03688157 - time (sec): 1.09 - samples/sec: 139.11 - lr: 0.000049 - momentum: 0.000000
2023-11-17 23:03:55,225 epoch 2 - iter 57/197 - loss 0.03863484 - time (sec): 1.65 - samples/sec: 138.29 - lr: 0.000048 - momentum: 0.000000
2023-11-17 23:03:55,781 epoch 2 - iter 76/197 - loss 0.03475472 - time (sec): 2.20 - samples/sec: 137.92 - lr: 0.000048 - momentum: 0.000000
2023-11-17 23:03:56,342 epoch 2 - iter 95/197 - loss 0.03583730 - time (sec): 2.77 - samples/sec: 137.41 - lr: 0.000047 - momentum: 0.000000
2023-11-17 23:03:56,903 epoch 2 - iter 114/197 - loss 0.03480343 - time (sec): 3.33 - samples/sec: 137.08 - lr: 0.000047 - momentum: 0.000000
2023-11-17 23:03:57,465 epoch 2 - iter 133/197 - loss 0.03865171 - time (sec): 3.89 - samples/sec: 136.80 - lr: 0.000046 - momentum: 0.000000
2023-11-17 23:03:58,018 epoch 2 - iter 152/197 - loss 0.04033284 - time (sec): 4.44 - samples/sec: 136.89 - lr: 0.000046 - momentum: 0.000000
2023-11-17 23:03:58,576 epoch 2 - iter 171/197 - loss 0.04210405 - time (sec): 5.00 - samples/sec: 136.80 - lr: 0.000045 - momentum: 0.000000
2023-11-17 23:03:59,135 epoch 2 - iter 190/197 - loss 0.04014913 - time (sec): 5.56 - samples/sec: 136.73 - lr: 0.000045 - momentum: 0.000000
2023-11-17 23:03:59,345 ----------------------------------------------------------------------------------------------------
2023-11-17 23:03:59,345 EPOCH 2 done: loss 0.0399 - lr: 0.000045
2023-11-17 23:03:59,441 DEV : loss 0.039115581661462784 - f1-score (micro avg)  0.608
2023-11-17 23:03:59,455 ----------------------------------------------------------------------------------------------------
2023-11-17 23:04:00,001 epoch 3 - iter 19/197 - loss 0.02281463 - time (sec): 0.54 - samples/sec: 139.49 - lr: 0.000044 - momentum: 0.000000
2023-11-17 23:04:00,549 epoch 3 - iter 38/197 - loss 0.02273183 - time (sec): 1.09 - samples/sec: 139.09 - lr: 0.000043 - momentum: 0.000000
2023-11-17 23:04:01,113 epoch 3 - iter 57/197 - loss 0.02486110 - time (sec): 1.66 - samples/sec: 137.54 - lr: 0.000043 - momentum: 0.000000
2023-11-17 23:04:01,671 epoch 3 - iter 76/197 - loss 0.02282490 - time (sec): 2.22 - samples/sec: 137.23 - lr: 0.000042 - momentum: 0.000000
2023-11-17 23:04:02,231 epoch 3 - iter 95/197 - loss 0.02244681 - time (sec): 2.78 - samples/sec: 136.92 - lr: 0.000042 - momentum: 0.000000
2023-11-17 23:04:02,799 epoch 3 - iter 114/197 - loss 0.02623080 - time (sec): 3.34 - samples/sec: 136.40 - lr: 0.000041 - momentum: 0.000000
2023-11-17 23:04:03,356 epoch 3 - iter 133/197 - loss 0.02657802 - time (sec): 3.90 - samples/sec: 136.40 - lr: 0.000041 - momentum: 0.000000
2023-11-17 23:04:03,916 epoch 3 - iter 152/197 - loss 0.02518566 - time (sec): 4.46 - samples/sec: 136.33 - lr: 0.000040 - momentum: 0.000000
2023-11-17 23:04:04,477 epoch 3 - iter 171/197 - loss 0.02370357 - time (sec): 5.02 - samples/sec: 136.22 - lr: 0.000040 - momentum: 0.000000
2023-11-17 23:04:05,033 epoch 3 - iter 190/197 - loss 0.02292883 - time (sec): 5.58 - samples/sec: 136.28 - lr: 0.000039 - momentum: 0.000000
2023-11-17 23:04:05,244 ----------------------------------------------------------------------------------------------------
2023-11-17 23:04:05,244 EPOCH 3 done: loss 0.0224 - lr: 0.000039
2023-11-17 23:04:05,340 DEV : loss 0.02079537883400917 - f1-score (micro avg)  0.5986
2023-11-17 23:04:05,354 ----------------------------------------------------------------------------------------------------
2023-11-17 23:04:05,904 epoch 4 - iter 19/197 - loss 0.00821736 - time (sec): 0.55 - samples/sec: 138.45 - lr: 0.000038 - momentum: 0.000000
2023-11-17 23:04:06,469 epoch 4 - iter 38/197 - loss 0.01306752 - time (sec): 1.11 - samples/sec: 136.44 - lr: 0.000038 - momentum: 0.000000
2023-11-17 23:04:07,042 epoch 4 - iter 57/197 - loss 0.01388678 - time (sec): 1.69 - samples/sec: 135.11 - lr: 0.000037 - momentum: 0.000000
2023-11-17 23:04:07,599 epoch 4 - iter 76/197 - loss 0.01223742 - time (sec): 2.24 - samples/sec: 135.45 - lr: 0.000037 - momentum: 0.000000
2023-11-17 23:04:08,158 epoch 4 - iter 95/197 - loss 0.01237221 - time (sec): 2.80 - samples/sec: 135.56 - lr: 0.000036 - momentum: 0.000000
2023-11-17 23:04:08,719 epoch 4 - iter 114/197 - loss 0.01336808 - time (sec): 3.36 - samples/sec: 135.56 - lr: 0.000036 - momentum: 0.000000
2023-11-17 23:04:09,274 epoch 4 - iter 133/197 - loss 0.01312536 - time (sec): 3.92 - samples/sec: 135.76 - lr: 0.000035 - momentum: 0.000000
2023-11-17 23:04:09,832 epoch 4 - iter 152/197 - loss 0.01284530 - time (sec): 4.48 - samples/sec: 135.79 - lr: 0.000035 - momentum: 0.000000
2023-11-17 23:04:10,390 epoch 4 - iter 171/197 - loss 0.01283038 - time (sec): 5.03 - samples/sec: 135.86 - lr: 0.000034 - momentum: 0.000000
2023-11-17 23:04:10,959 epoch 4 - iter 190/197 - loss 0.01314296 - time (sec): 5.60 - samples/sec: 135.61 - lr: 0.000034 - momentum: 0.000000
2023-11-17 23:04:11,174 ----------------------------------------------------------------------------------------------------
2023-11-17 23:04:11,174 EPOCH 4 done: loss 0.0130 - lr: 0.000034
2023-11-17 23:04:11,271 DEV : loss 0.037595126777887344 - f1-score (micro avg)  0.6365
2023-11-17 23:04:11,286 ----------------------------------------------------------------------------------------------------
2023-11-17 23:04:11,832 epoch 5 - iter 19/197 - loss 0.01222386 - time (sec): 0.55 - samples/sec: 139.30 - lr: 0.000033 - momentum: 0.000000
2023-11-17 23:04:12,397 epoch 5 - iter 38/197 - loss 0.00927083 - time (sec): 1.11 - samples/sec: 136.90 - lr: 0.000032 - momentum: 0.000000
2023-11-17 23:04:12,977 epoch 5 - iter 57/197 - loss 0.00835940 - time (sec): 1.69 - samples/sec: 134.88 - lr: 0.000032 - momentum: 0.000000
2023-11-17 23:04:13,543 epoch 5 - iter 76/197 - loss 0.00794772 - time (sec): 2.26 - samples/sec: 134.74 - lr: 0.000031 - momentum: 0.000000
2023-11-17 23:04:14,107 epoch 5 - iter 95/197 - loss 0.00775768 - time (sec): 2.82 - samples/sec: 134.74 - lr: 0.000031 - momentum: 0.000000
2023-11-17 23:04:14,676 epoch 5 - iter 114/197 - loss 0.01075297 - time (sec): 3.39 - samples/sec: 134.52 - lr: 0.000030 - momentum: 0.000000
2023-11-17 23:04:15,236 epoch 5 - iter 133/197 - loss 0.01111043 - time (sec): 3.95 - samples/sec: 134.70 - lr: 0.000030 - momentum: 0.000000
2023-11-17 23:04:15,815 epoch 5 - iter 152/197 - loss 0.01116553 - time (sec): 4.53 - samples/sec: 134.27 - lr: 0.000029 - momentum: 0.000000
2023-11-17 23:04:16,383 epoch 5 - iter 171/197 - loss 0.01088294 - time (sec): 5.10 - samples/sec: 134.20 - lr: 0.000029 - momentum: 0.000000
2023-11-17 23:04:16,949 epoch 5 - iter 190/197 - loss 0.01052799 - time (sec): 5.66 - samples/sec: 134.21 - lr: 0.000028 - momentum: 0.000000
2023-11-17 23:04:17,160 ----------------------------------------------------------------------------------------------------
2023-11-17 23:04:17,160 EPOCH 5 done: loss 0.0105 - lr: 0.000028
2023-11-17 23:04:17,260 DEV : loss 0.019085165113210678 - f1-score (micro avg)  0.6455
2023-11-17 23:04:17,376 ----------------------------------------------------------------------------------------------------
2023-11-17 23:04:17,923 epoch 6 - iter 19/197 - loss 0.00572184 - time (sec): 0.55 - samples/sec: 139.01 - lr: 0.000027 - momentum: 0.000000
2023-11-17 23:04:18,496 epoch 6 - iter 38/197 - loss 0.00520159 - time (sec): 1.12 - samples/sec: 135.83 - lr: 0.000027 - momentum: 0.000000
2023-11-17 23:04:19,075 epoch 6 - iter 57/197 - loss 0.00540658 - time (sec): 1.70 - samples/sec: 134.28 - lr: 0.000026 - momentum: 0.000000
2023-11-17 23:04:19,781 epoch 6 - iter 76/197 - loss 0.00517302 - time (sec): 2.40 - samples/sec: 126.46 - lr: 0.000026 - momentum: 0.000000
2023-11-17 23:04:20,567 epoch 6 - iter 95/197 - loss 0.00532243 - time (sec): 3.19 - samples/sec: 119.11 - lr: 0.000025 - momentum: 0.000000
2023-11-17 23:04:21,355 epoch 6 - iter 114/197 - loss 0.00558380 - time (sec): 3.98 - samples/sec: 114.63 - lr: 0.000025 - momentum: 0.000000
2023-11-17 23:04:22,130 epoch 6 - iter 133/197 - loss 0.00542802 - time (sec): 4.75 - samples/sec: 111.93 - lr: 0.000024 - momentum: 0.000000
2023-11-17 23:04:22,923 epoch 6 - iter 152/197 - loss 0.00566914 - time (sec): 5.55 - samples/sec: 109.63 - lr: 0.000024 - momentum: 0.000000
2023-11-17 23:04:23,711 epoch 6 - iter 171/197 - loss 0.00594360 - time (sec): 6.33 - samples/sec: 107.99 - lr: 0.000023 - momentum: 0.000000
2023-11-17 23:04:24,469 epoch 6 - iter 190/197 - loss 0.00604717 - time (sec): 7.09 - samples/sec: 107.16 - lr: 0.000022 - momentum: 0.000000
2023-11-17 23:04:24,744 ----------------------------------------------------------------------------------------------------
2023-11-17 23:04:24,744 EPOCH 6 done: loss 0.0060 - lr: 0.000022
2023-11-17 23:04:24,889 DEV : loss 0.022359557449817657 - f1-score (micro avg)  0.6312
2023-11-17 23:04:24,907 ----------------------------------------------------------------------------------------------------
2023-11-17 23:04:25,641 epoch 7 - iter 19/197 - loss 0.00406950 - time (sec): 0.73 - samples/sec: 103.60 - lr: 0.000022 - momentum: 0.000000
2023-11-17 23:04:26,428 epoch 7 - iter 38/197 - loss 0.00374172 - time (sec): 1.52 - samples/sec: 99.97 - lr: 0.000021 - momentum: 0.000000
2023-11-17 23:04:27,205 epoch 7 - iter 57/197 - loss 0.00427380 - time (sec): 2.30 - samples/sec: 99.24 - lr: 0.000021 - momentum: 0.000000
2023-11-17 23:04:27,948 epoch 7 - iter 76/197 - loss 0.00403567 - time (sec): 3.04 - samples/sec: 99.96 - lr: 0.000020 - momentum: 0.000000
2023-11-17 23:04:28,720 epoch 7 - iter 95/197 - loss 0.00375361 - time (sec): 3.81 - samples/sec: 99.67 - lr: 0.000020 - momentum: 0.000000
2023-11-17 23:04:29,492 epoch 7 - iter 114/197 - loss 0.00365137 - time (sec): 4.58 - samples/sec: 99.47 - lr: 0.000019 - momentum: 0.000000
2023-11-17 23:04:30,267 epoch 7 - iter 133/197 - loss 0.00374766 - time (sec): 5.36 - samples/sec: 99.26 - lr: 0.000018 - momentum: 0.000000
2023-11-17 23:04:31,047 epoch 7 - iter 152/197 - loss 0.00375607 - time (sec): 6.14 - samples/sec: 99.03 - lr: 0.000018 - momentum: 0.000000
2023-11-17 23:04:31,844 epoch 7 - iter 171/197 - loss 0.00374771 - time (sec): 6.94 - samples/sec: 98.60 - lr: 0.000017 - momentum: 0.000000
2023-11-17 23:04:32,625 epoch 7 - iter 190/197 - loss 0.00364884 - time (sec): 7.72 - samples/sec: 98.47 - lr: 0.000017 - momentum: 0.000000
2023-11-17 23:04:32,902 ----------------------------------------------------------------------------------------------------
2023-11-17 23:04:32,903 EPOCH 7 done: loss 0.0036 - lr: 0.000017
2023-11-17 23:04:33,048 DEV : loss 0.0236847884953022 - f1-score (micro avg)  0.6347
2023-11-17 23:04:33,063 ----------------------------------------------------------------------------------------------------
2023-11-17 23:04:33,812 epoch 8 - iter 19/197 - loss 0.00392206 - time (sec): 0.75 - samples/sec: 101.53 - lr: 0.000016 - momentum: 0.000000
2023-11-17 23:04:34,585 epoch 8 - iter 38/197 - loss 0.00314181 - time (sec): 1.52 - samples/sec: 99.91 - lr: 0.000016 - momentum: 0.000000
2023-11-17 23:04:35,368 epoch 8 - iter 57/197 - loss 0.00297715 - time (sec): 2.31 - samples/sec: 98.90 - lr: 0.000015 - momentum: 0.000000
2023-11-17 23:04:36,138 epoch 8 - iter 76/197 - loss 0.00292978 - time (sec): 3.07 - samples/sec: 98.88 - lr: 0.000015 - momentum: 0.000000
2023-11-17 23:04:36,895 epoch 8 - iter 95/197 - loss 0.00295681 - time (sec): 3.83 - samples/sec: 99.17 - lr: 0.000014 - momentum: 0.000000
2023-11-17 23:04:37,667 epoch 8 - iter 114/197 - loss 0.00287227 - time (sec): 4.60 - samples/sec: 99.06 - lr: 0.000013 - momentum: 0.000000
2023-11-17 23:04:38,420 epoch 8 - iter 133/197 - loss 0.00280691 - time (sec): 5.36 - samples/sec: 99.31 - lr: 0.000013 - momentum: 0.000000
2023-11-17 23:04:39,196 epoch 8 - iter 152/197 - loss 0.00276646 - time (sec): 6.13 - samples/sec: 99.13 - lr: 0.000012 - momentum: 0.000000
2023-11-17 23:04:39,983 epoch 8 - iter 171/197 - loss 0.00272270 - time (sec): 6.92 - samples/sec: 98.84 - lr: 0.000012 - momentum: 0.000000
2023-11-17 23:04:40,760 epoch 8 - iter 190/197 - loss 0.00268662 - time (sec): 7.70 - samples/sec: 98.74 - lr: 0.000011 - momentum: 0.000000
2023-11-17 23:04:41,035 ----------------------------------------------------------------------------------------------------
2023-11-17 23:04:41,035 EPOCH 8 done: loss 0.0027 - lr: 0.000011
2023-11-17 23:04:41,186 DEV : loss 0.020274803042411804 - f1-score (micro avg)  0.6314
2023-11-17 23:04:41,201 ----------------------------------------------------------------------------------------------------
2023-11-17 23:04:41,932 epoch 9 - iter 19/197 - loss 0.00162292 - time (sec): 0.73 - samples/sec: 104.07 - lr: 0.000011 - momentum: 0.000000
2023-11-17 23:04:42,705 epoch 9 - iter 38/197 - loss 0.00147091 - time (sec): 1.50 - samples/sec: 101.13 - lr: 0.000010 - momentum: 0.000000
2023-11-17 23:04:43,480 epoch 9 - iter 57/197 - loss 0.00179581 - time (sec): 2.28 - samples/sec: 100.09 - lr: 0.000010 - momentum: 0.000000
2023-11-17 23:04:44,248 epoch 9 - iter 76/197 - loss 0.00181444 - time (sec): 3.05 - samples/sec: 99.80 - lr: 0.000009 - momentum: 0.000000
2023-11-17 23:04:45,025 epoch 9 - iter 95/197 - loss 0.00178993 - time (sec): 3.82 - samples/sec: 99.39 - lr: 0.000008 - momentum: 0.000000
2023-11-17 23:04:45,783 epoch 9 - iter 114/197 - loss 0.00184583 - time (sec): 4.58 - samples/sec: 99.54 - lr: 0.000008 - momentum: 0.000000
2023-11-17 23:04:46,576 epoch 9 - iter 133/197 - loss 0.00190205 - time (sec): 5.37 - samples/sec: 98.99 - lr: 0.000007 - momentum: 0.000000
2023-11-17 23:04:47,320 epoch 9 - iter 152/197 - loss 0.00191455 - time (sec): 6.12 - samples/sec: 99.37 - lr: 0.000007 - momentum: 0.000000
2023-11-17 23:04:48,115 epoch 9 - iter 171/197 - loss 0.00195376 - time (sec): 6.91 - samples/sec: 98.94 - lr: 0.000006 - momentum: 0.000000
2023-11-17 23:04:48,880 epoch 9 - iter 190/197 - loss 0.00193773 - time (sec): 7.68 - samples/sec: 98.98 - lr: 0.000006 - momentum: 0.000000
2023-11-17 23:04:49,155 ----------------------------------------------------------------------------------------------------
2023-11-17 23:04:49,155 EPOCH 9 done: loss 0.0019 - lr: 0.000006
2023-11-17 23:04:49,301 DEV : loss 0.0220014825463295 - f1-score (micro avg)  0.6301
2023-11-17 23:04:49,317 ----------------------------------------------------------------------------------------------------
2023-11-17 23:04:50,045 epoch 10 - iter 19/197 - loss 0.00117713 - time (sec): 0.73 - samples/sec: 104.44 - lr: 0.000005 - momentum: 0.000000
2023-11-17 23:04:50,817 epoch 10 - iter 38/197 - loss 0.00118552 - time (sec): 1.50 - samples/sec: 101.38 - lr: 0.000005 - momentum: 0.000000
2023-11-17 23:04:51,596 epoch 10 - iter 57/197 - loss 0.00137719 - time (sec): 2.28 - samples/sec: 100.05 - lr: 0.000004 - momentum: 0.000000
2023-11-17 23:04:52,375 epoch 10 - iter 76/197 - loss 0.00142995 - time (sec): 3.06 - samples/sec: 99.43 - lr: 0.000003 - momentum: 0.000000
2023-11-17 23:04:53,143 epoch 10 - iter 95/197 - loss 0.00145847 - time (sec): 3.83 - samples/sec: 99.32 - lr: 0.000003 - momentum: 0.000000
2023-11-17 23:04:53,904 epoch 10 - iter 114/197 - loss 0.00140218 - time (sec): 4.59 - samples/sec: 99.42 - lr: 0.000002 - momentum: 0.000000
2023-11-17 23:04:54,662 epoch 10 - iter 133/197 - loss 0.00140407 - time (sec): 5.34 - samples/sec: 99.54 - lr: 0.000002 - momentum: 0.000000
2023-11-17 23:04:55,421 epoch 10 - iter 152/197 - loss 0.00138291 - time (sec): 6.10 - samples/sec: 99.61 - lr: 0.000001 - momentum: 0.000000
2023-11-17 23:04:56,200 epoch 10 - iter 171/197 - loss 0.00140922 - time (sec): 6.88 - samples/sec: 99.38 - lr: 0.000001 - momentum: 0.000000
2023-11-17 23:04:56,953 epoch 10 - iter 190/197 - loss 0.00140199 - time (sec): 7.64 - samples/sec: 99.53 - lr: 0.000000 - momentum: 0.000000
2023-11-17 23:04:57,241 ----------------------------------------------------------------------------------------------------
2023-11-17 23:04:57,241 EPOCH 10 done: loss 0.0014 - lr: 0.000000
2023-11-17 23:04:57,381 DEV : loss 0.020717106759548187 - f1-score (micro avg)  0.6287
2023-11-17 23:04:57,670 ----------------------------------------------------------------------------------------------------
2023-11-17 23:04:57,671 Testing using last state of model ...
2023-11-17 23:04:58,623 AVG: mse: 0.0149 - mae: 0.0974 - pearson: 0.7993 - spearman: 0.7973
2023-11-17 23:04:58,623 ----------------------------------------------------------------------------------------------------
