2023-11-17 23:11:56,362 ----------------------------------------------------------------------------------------------------
2023-11-17 23:11:56,363 Model: "TextRegressor(
  (document_embeddings): TransformerDocumentEmbeddings(
    (model): DistilBertModel(
      (embeddings): Embeddings(
        (word_embeddings): Embedding(30523, 768)
        (position_embeddings): Embedding(512, 768)
        (LayerNorm): LayerNorm((768,), eps=1e-12, elementwise_affine=True)
        (dropout): Dropout(p=0.1, inplace=False)
      )
      (transformer): Transformer(
        (layer): ModuleList(
          (0-5): 6 x TransformerBlock(
            (attention): MultiHeadSelfAttention(
              (dropout): Dropout(p=0.1, inplace=False)
              (q_lin): Linear(in_features=768, out_features=768, bias=True)
              (k_lin): Linear(in_features=768, out_features=768, bias=True)
              (v_lin): Linear(in_features=768, out_features=768, bias=True)
              (out_lin): Linear(in_features=768, out_features=768, bias=True)
            )
            (sa_layer_norm): LayerNorm((768,), eps=1e-12, elementwise_affine=True)
            (ffn): FFN(
              (dropout): Dropout(p=0.1, inplace=False)
              (lin1): Linear(in_features=768, out_features=3072, bias=True)
              (lin2): Linear(in_features=3072, out_features=768, bias=True)
              (activation): GELUActivation()
            )
            (output_layer_norm): LayerNorm((768,), eps=1e-12, elementwise_affine=True)
          )
        )
      )
    )
  )
  (decoder): Linear(in_features=768, out_features=1, bias=True)
  (loss_function): MSELoss()
)"
2023-11-17 23:11:56,363 ----------------------------------------------------------------------------------------------------
2023-11-17 23:11:56,363 Corpus: 1146 train + 109 dev + 994 test sentences
2023-11-17 23:11:56,363 ----------------------------------------------------------------------------------------------------
2023-11-17 23:11:56,363 Train:  1146 sentences
2023-11-17 23:11:56,363         (train_with_dev=False, train_with_test=False)
2023-11-17 23:11:56,363 ----------------------------------------------------------------------------------------------------
2023-11-17 23:11:56,363 Training Params:
2023-11-17 23:11:56,363  - learning_rate: "5e-05" 
2023-11-17 23:11:56,363  - mini_batch_size: "4"
2023-11-17 23:11:56,363  - max_epochs: "10"
2023-11-17 23:11:56,363  - shuffle: "True"
2023-11-17 23:11:56,363 ----------------------------------------------------------------------------------------------------
2023-11-17 23:11:56,363 Plugins:
2023-11-17 23:11:56,363  - LinearScheduler | warmup_fraction: '0.1'
2023-11-17 23:11:56,363 ----------------------------------------------------------------------------------------------------
2023-11-17 23:11:56,363 Final evaluation on model after last epoch (final-model.pt)
2023-11-17 23:11:56,363  - metric: "('micro avg', 'f1-score')"
2023-11-17 23:11:56,363 ----------------------------------------------------------------------------------------------------
2023-11-17 23:11:56,363 Computation:
2023-11-17 23:11:56,363  - compute on device: cuda:0
2023-11-17 23:11:56,363  - embedding storage: none
2023-11-17 23:11:56,363 ----------------------------------------------------------------------------------------------------
2023-11-17 23:11:56,363 Model training base path: "resources/taggers/wassa/fear"
2023-11-17 23:11:56,363 ----------------------------------------------------------------------------------------------------
2023-11-17 23:11:56,363 ----------------------------------------------------------------------------------------------------
2023-11-17 23:11:57,965 epoch 1 - iter 28/287 - loss 0.16393795 - time (sec): 1.60 - samples/sec: 69.93 - lr: 0.000005 - momentum: 0.000000
2023-11-17 23:11:58,781 epoch 1 - iter 56/287 - loss 0.13315436 - time (sec): 2.42 - samples/sec: 92.68 - lr: 0.000010 - momentum: 0.000000
2023-11-17 23:11:59,607 epoch 1 - iter 84/287 - loss 0.11310220 - time (sec): 3.24 - samples/sec: 103.60 - lr: 0.000014 - momentum: 0.000000
2023-11-17 23:12:00,432 epoch 1 - iter 112/287 - loss 0.09741675 - time (sec): 4.07 - samples/sec: 110.12 - lr: 0.000019 - momentum: 0.000000
2023-11-17 23:12:01,242 epoch 1 - iter 140/287 - loss 0.08500082 - time (sec): 4.88 - samples/sec: 114.79 - lr: 0.000024 - momentum: 0.000000
2023-11-17 23:12:02,054 epoch 1 - iter 168/287 - loss 0.07960092 - time (sec): 5.69 - samples/sec: 118.09 - lr: 0.000029 - momentum: 0.000000
2023-11-17 23:12:02,865 epoch 1 - iter 196/287 - loss 0.07548692 - time (sec): 6.50 - samples/sec: 120.58 - lr: 0.000034 - momentum: 0.000000
2023-11-17 23:12:03,685 epoch 1 - iter 224/287 - loss 0.07102112 - time (sec): 7.32 - samples/sec: 122.38 - lr: 0.000039 - momentum: 0.000000
2023-11-17 23:12:04,505 epoch 1 - iter 252/287 - loss 0.07168798 - time (sec): 8.14 - samples/sec: 123.82 - lr: 0.000044 - momentum: 0.000000
2023-11-17 23:12:05,310 epoch 1 - iter 280/287 - loss 0.06833055 - time (sec): 8.95 - samples/sec: 125.19 - lr: 0.000049 - momentum: 0.000000
2023-11-17 23:12:05,519 ----------------------------------------------------------------------------------------------------
2023-11-17 23:12:05,519 EPOCH 1 done: loss 0.0675 - lr: 0.000049
2023-11-17 23:12:05,647 DEV : loss 0.026374509558081627 - f1-score (micro avg)  0.5984
2023-11-17 23:12:05,668 ----------------------------------------------------------------------------------------------------
2023-11-17 23:12:06,480 epoch 2 - iter 28/287 - loss 0.06420734 - time (sec): 0.81 - samples/sec: 137.94 - lr: 0.000049 - momentum: 0.000000
2023-11-17 23:12:07,291 epoch 2 - iter 56/287 - loss 0.05704761 - time (sec): 1.62 - samples/sec: 137.98 - lr: 0.000049 - momentum: 0.000000
2023-11-17 23:12:08,106 epoch 2 - iter 84/287 - loss 0.04812733 - time (sec): 2.44 - samples/sec: 137.81 - lr: 0.000048 - momentum: 0.000000
2023-11-17 23:12:08,924 epoch 2 - iter 112/287 - loss 0.04300444 - time (sec): 3.26 - samples/sec: 137.61 - lr: 0.000048 - momentum: 0.000000
2023-11-17 23:12:09,746 epoch 2 - iter 140/287 - loss 0.04141358 - time (sec): 4.08 - samples/sec: 137.32 - lr: 0.000047 - momentum: 0.000000
2023-11-17 23:12:10,574 epoch 2 - iter 168/287 - loss 0.03978163 - time (sec): 4.91 - samples/sec: 136.97 - lr: 0.000047 - momentum: 0.000000
2023-11-17 23:12:11,391 epoch 2 - iter 196/287 - loss 0.03879357 - time (sec): 5.72 - samples/sec: 136.98 - lr: 0.000046 - momentum: 0.000000
2023-11-17 23:12:12,208 epoch 2 - iter 224/287 - loss 0.03783122 - time (sec): 6.54 - samples/sec: 137.00 - lr: 0.000046 - momentum: 0.000000
2023-11-17 23:12:13,043 epoch 2 - iter 252/287 - loss 0.03676444 - time (sec): 7.38 - samples/sec: 136.67 - lr: 0.000045 - momentum: 0.000000
2023-11-17 23:12:13,878 epoch 2 - iter 280/287 - loss 0.03566730 - time (sec): 8.21 - samples/sec: 136.43 - lr: 0.000045 - momentum: 0.000000
2023-11-17 23:12:14,084 ----------------------------------------------------------------------------------------------------
2023-11-17 23:12:14,084 EPOCH 2 done: loss 0.0354 - lr: 0.000045
2023-11-17 23:12:14,216 DEV : loss 0.01839721016585827 - f1-score (micro avg)  0.6858
2023-11-17 23:12:14,237 ----------------------------------------------------------------------------------------------------
2023-11-17 23:12:15,039 epoch 3 - iter 28/287 - loss 0.01815481 - time (sec): 0.80 - samples/sec: 139.66 - lr: 0.000044 - momentum: 0.000000
2023-11-17 23:12:15,868 epoch 3 - iter 56/287 - loss 0.02598186 - time (sec): 1.63 - samples/sec: 137.39 - lr: 0.000043 - momentum: 0.000000
2023-11-17 23:12:16,688 epoch 3 - iter 84/287 - loss 0.02566263 - time (sec): 2.45 - samples/sec: 137.07 - lr: 0.000043 - momentum: 0.000000
2023-11-17 23:12:17,517 epoch 3 - iter 112/287 - loss 0.02270842 - time (sec): 3.28 - samples/sec: 136.58 - lr: 0.000042 - momentum: 0.000000
2023-11-17 23:12:18,342 epoch 3 - iter 140/287 - loss 0.02219623 - time (sec): 4.11 - samples/sec: 136.42 - lr: 0.000042 - momentum: 0.000000
2023-11-17 23:12:19,175 epoch 3 - iter 168/287 - loss 0.02077724 - time (sec): 4.94 - samples/sec: 136.10 - lr: 0.000041 - momentum: 0.000000
2023-11-17 23:12:20,002 epoch 3 - iter 196/287 - loss 0.02119403 - time (sec): 5.76 - samples/sec: 136.00 - lr: 0.000041 - momentum: 0.000000
2023-11-17 23:12:20,834 epoch 3 - iter 224/287 - loss 0.02021208 - time (sec): 6.60 - samples/sec: 135.82 - lr: 0.000040 - momentum: 0.000000
2023-11-17 23:12:21,659 epoch 3 - iter 252/287 - loss 0.02004469 - time (sec): 7.42 - samples/sec: 135.81 - lr: 0.000040 - momentum: 0.000000
2023-11-17 23:12:22,489 epoch 3 - iter 280/287 - loss 0.01950563 - time (sec): 8.25 - samples/sec: 135.73 - lr: 0.000039 - momentum: 0.000000
2023-11-17 23:12:22,701 ----------------------------------------------------------------------------------------------------
2023-11-17 23:12:22,701 EPOCH 3 done: loss 0.0195 - lr: 0.000039
2023-11-17 23:12:22,833 DEV : loss 0.02352021262049675 - f1-score (micro avg)  0.7297
2023-11-17 23:12:22,855 ----------------------------------------------------------------------------------------------------
2023-11-17 23:12:23,666 epoch 4 - iter 28/287 - loss 0.01186287 - time (sec): 0.81 - samples/sec: 138.26 - lr: 0.000038 - momentum: 0.000000
2023-11-17 23:12:24,502 epoch 4 - iter 56/287 - loss 0.01246486 - time (sec): 1.65 - samples/sec: 136.04 - lr: 0.000038 - momentum: 0.000000
2023-11-17 23:12:25,325 epoch 4 - iter 84/287 - loss 0.01103367 - time (sec): 2.47 - samples/sec: 136.06 - lr: 0.000037 - momentum: 0.000000
2023-11-17 23:12:26,436 epoch 4 - iter 112/287 - loss 0.01143066 - time (sec): 3.58 - samples/sec: 125.14 - lr: 0.000037 - momentum: 0.000000
2023-11-17 23:12:27,574 epoch 4 - iter 140/287 - loss 0.01116678 - time (sec): 4.72 - samples/sec: 118.69 - lr: 0.000036 - momentum: 0.000000
2023-11-17 23:12:28,785 epoch 4 - iter 168/287 - loss 0.01103489 - time (sec): 5.93 - samples/sec: 113.34 - lr: 0.000036 - momentum: 0.000000
2023-11-17 23:12:29,966 epoch 4 - iter 196/287 - loss 0.01105134 - time (sec): 7.11 - samples/sec: 110.27 - lr: 0.000035 - momentum: 0.000000
2023-11-17 23:12:31,132 epoch 4 - iter 224/287 - loss 0.01118176 - time (sec): 8.28 - samples/sec: 108.27 - lr: 0.000035 - momentum: 0.000000
2023-11-17 23:12:32,285 epoch 4 - iter 252/287 - loss 0.01093885 - time (sec): 9.43 - samples/sec: 106.90 - lr: 0.000034 - momentum: 0.000000
2023-11-17 23:12:33,442 epoch 4 - iter 280/287 - loss 0.01083118 - time (sec): 10.59 - samples/sec: 105.80 - lr: 0.000034 - momentum: 0.000000
2023-11-17 23:12:33,723 ----------------------------------------------------------------------------------------------------
2023-11-17 23:12:33,723 EPOCH 4 done: loss 0.0108 - lr: 0.000034
2023-11-17 23:12:33,931 DEV : loss 0.01665997877717018 - f1-score (micro avg)  0.7368
2023-11-17 23:12:33,954 ----------------------------------------------------------------------------------------------------
2023-11-17 23:12:35,053 epoch 5 - iter 28/287 - loss 0.00575237 - time (sec): 1.10 - samples/sec: 101.89 - lr: 0.000033 - momentum: 0.000000
2023-11-17 23:12:36,201 epoch 5 - iter 56/287 - loss 0.00652072 - time (sec): 2.25 - samples/sec: 99.72 - lr: 0.000032 - momentum: 0.000000
2023-11-17 23:12:37,357 epoch 5 - iter 84/287 - loss 0.00655232 - time (sec): 3.40 - samples/sec: 98.75 - lr: 0.000032 - momentum: 0.000000
2023-11-17 23:12:38,517 epoch 5 - iter 112/287 - loss 0.00619449 - time (sec): 4.56 - samples/sec: 98.18 - lr: 0.000031 - momentum: 0.000000
2023-11-17 23:12:39,653 epoch 5 - iter 140/287 - loss 0.00645671 - time (sec): 5.70 - samples/sec: 98.26 - lr: 0.000031 - momentum: 0.000000
2023-11-17 23:12:40,786 epoch 5 - iter 168/287 - loss 0.00652330 - time (sec): 6.83 - samples/sec: 98.37 - lr: 0.000030 - momentum: 0.000000
2023-11-17 23:12:41,943 epoch 5 - iter 196/287 - loss 0.00651370 - time (sec): 7.99 - samples/sec: 98.14 - lr: 0.000030 - momentum: 0.000000
2023-11-17 23:12:43,106 epoch 5 - iter 224/287 - loss 0.00674509 - time (sec): 9.15 - samples/sec: 97.90 - lr: 0.000029 - momentum: 0.000000
2023-11-17 23:12:44,277 epoch 5 - iter 252/287 - loss 0.00724686 - time (sec): 10.32 - samples/sec: 97.64 - lr: 0.000028 - momentum: 0.000000
2023-11-17 23:12:45,435 epoch 5 - iter 280/287 - loss 0.00729862 - time (sec): 11.48 - samples/sec: 97.55 - lr: 0.000028 - momentum: 0.000000
2023-11-17 23:12:45,717 ----------------------------------------------------------------------------------------------------
2023-11-17 23:12:45,717 EPOCH 5 done: loss 0.0074 - lr: 0.000028
2023-11-17 23:12:45,912 DEV : loss 0.017514271661639214 - f1-score (micro avg)  0.732
2023-11-17 23:12:45,934 ----------------------------------------------------------------------------------------------------
2023-11-17 23:12:47,040 epoch 6 - iter 28/287 - loss 0.00436659 - time (sec): 1.11 - samples/sec: 101.32 - lr: 0.000027 - momentum: 0.000000
2023-11-17 23:12:48,172 epoch 6 - iter 56/287 - loss 0.00446766 - time (sec): 2.24 - samples/sec: 100.12 - lr: 0.000027 - momentum: 0.000000
2023-11-17 23:12:49,335 epoch 6 - iter 84/287 - loss 0.00450097 - time (sec): 3.40 - samples/sec: 98.81 - lr: 0.000026 - momentum: 0.000000
2023-11-17 23:12:50,473 epoch 6 - iter 112/287 - loss 0.00451941 - time (sec): 4.54 - samples/sec: 98.71 - lr: 0.000026 - momentum: 0.000000
2023-11-17 23:12:51,638 epoch 6 - iter 140/287 - loss 0.00461402 - time (sec): 5.70 - samples/sec: 98.18 - lr: 0.000025 - momentum: 0.000000
2023-11-17 23:12:52,777 epoch 6 - iter 168/287 - loss 0.00457335 - time (sec): 6.84 - samples/sec: 98.21 - lr: 0.000025 - momentum: 0.000000
2023-11-17 23:12:53,926 epoch 6 - iter 196/287 - loss 0.00460882 - time (sec): 7.99 - samples/sec: 98.11 - lr: 0.000024 - momentum: 0.000000
2023-11-17 23:12:55,052 epoch 6 - iter 224/287 - loss 0.00487640 - time (sec): 9.12 - samples/sec: 98.27 - lr: 0.000023 - momentum: 0.000000
2023-11-17 23:12:56,221 epoch 6 - iter 252/287 - loss 0.00495112 - time (sec): 10.29 - samples/sec: 97.99 - lr: 0.000023 - momentum: 0.000000
2023-11-17 23:12:57,391 epoch 6 - iter 280/287 - loss 0.00496094 - time (sec): 11.46 - samples/sec: 97.76 - lr: 0.000022 - momentum: 0.000000
2023-11-17 23:12:57,673 ----------------------------------------------------------------------------------------------------
2023-11-17 23:12:57,673 EPOCH 6 done: loss 0.0050 - lr: 0.000022
2023-11-17 23:12:57,878 DEV : loss 0.018641263246536255 - f1-score (micro avg)  0.7475
2023-11-17 23:12:57,900 ----------------------------------------------------------------------------------------------------
2023-11-17 23:12:59,017 epoch 7 - iter 28/287 - loss 0.00857169 - time (sec): 1.12 - samples/sec: 100.38 - lr: 0.000022 - momentum: 0.000000
2023-11-17 23:13:00,153 epoch 7 - iter 56/287 - loss 0.00642520 - time (sec): 2.25 - samples/sec: 99.44 - lr: 0.000021 - momentum: 0.000000
2023-11-17 23:13:01,314 epoch 7 - iter 84/287 - loss 0.00527222 - time (sec): 3.41 - samples/sec: 98.43 - lr: 0.000021 - momentum: 0.000000
2023-11-17 23:13:02,483 epoch 7 - iter 112/287 - loss 0.00481038 - time (sec): 4.58 - samples/sec: 97.76 - lr: 0.000020 - momentum: 0.000000
2023-11-17 23:13:03,620 epoch 7 - iter 140/287 - loss 0.00434177 - time (sec): 5.72 - samples/sec: 97.91 - lr: 0.000020 - momentum: 0.000000
2023-11-17 23:13:04,772 epoch 7 - iter 168/287 - loss 0.00414525 - time (sec): 6.87 - samples/sec: 97.79 - lr: 0.000019 - momentum: 0.000000
2023-11-17 23:13:05,952 epoch 7 - iter 196/287 - loss 0.00398746 - time (sec): 8.05 - samples/sec: 97.37 - lr: 0.000018 - momentum: 0.000000
2023-11-17 23:13:07,113 epoch 7 - iter 224/287 - loss 0.00385627 - time (sec): 9.21 - samples/sec: 97.27 - lr: 0.000018 - momentum: 0.000000
2023-11-17 23:13:08,255 epoch 7 - iter 252/287 - loss 0.00380096 - time (sec): 10.35 - samples/sec: 97.35 - lr: 0.000017 - momentum: 0.000000
2023-11-17 23:13:09,440 epoch 7 - iter 280/287 - loss 0.00377148 - time (sec): 11.54 - samples/sec: 97.06 - lr: 0.000017 - momentum: 0.000000
2023-11-17 23:13:09,735 ----------------------------------------------------------------------------------------------------
2023-11-17 23:13:09,735 EPOCH 7 done: loss 0.0038 - lr: 0.000017
2023-11-17 23:13:09,945 DEV : loss 0.015111266635358334 - f1-score (micro avg)  0.7571
2023-11-17 23:13:09,966 ----------------------------------------------------------------------------------------------------
2023-11-17 23:13:11,094 epoch 8 - iter 28/287 - loss 0.00251999 - time (sec): 1.13 - samples/sec: 99.28 - lr: 0.000016 - momentum: 0.000000
2023-11-17 23:13:12,270 epoch 8 - iter 56/287 - loss 0.00270624 - time (sec): 2.30 - samples/sec: 97.23 - lr: 0.000016 - momentum: 0.000000
2023-11-17 23:13:13,430 epoch 8 - iter 84/287 - loss 0.00255201 - time (sec): 3.46 - samples/sec: 97.01 - lr: 0.000015 - momentum: 0.000000
2023-11-17 23:13:14,592 epoch 8 - iter 112/287 - loss 0.00259613 - time (sec): 4.63 - samples/sec: 96.85 - lr: 0.000015 - momentum: 0.000000
2023-11-17 23:13:15,780 epoch 8 - iter 140/287 - loss 0.00268121 - time (sec): 5.81 - samples/sec: 96.32 - lr: 0.000014 - momentum: 0.000000
2023-11-17 23:13:16,935 epoch 8 - iter 168/287 - loss 0.00266430 - time (sec): 6.97 - samples/sec: 96.43 - lr: 0.000013 - momentum: 0.000000
2023-11-17 23:13:18,060 epoch 8 - iter 196/287 - loss 0.00265871 - time (sec): 8.09 - samples/sec: 96.86 - lr: 0.000013 - momentum: 0.000000
2023-11-17 23:13:19,229 epoch 8 - iter 224/287 - loss 0.00266285 - time (sec): 9.26 - samples/sec: 96.73 - lr: 0.000012 - momentum: 0.000000
2023-11-17 23:13:20,397 epoch 8 - iter 252/287 - loss 0.00262035 - time (sec): 10.43 - samples/sec: 96.64 - lr: 0.000012 - momentum: 0.000000
2023-11-17 23:13:21,568 epoch 8 - iter 280/287 - loss 0.00261811 - time (sec): 11.60 - samples/sec: 96.53 - lr: 0.000011 - momentum: 0.000000
2023-11-17 23:13:21,844 ----------------------------------------------------------------------------------------------------
2023-11-17 23:13:21,844 EPOCH 8 done: loss 0.0026 - lr: 0.000011
2023-11-17 23:13:22,051 DEV : loss 0.014538233168423176 - f1-score (micro avg)  0.7549
2023-11-17 23:13:22,073 ----------------------------------------------------------------------------------------------------
2023-11-17 23:13:23,225 epoch 9 - iter 28/287 - loss 0.00207864 - time (sec): 1.15 - samples/sec: 97.22 - lr: 0.000011 - momentum: 0.000000
2023-11-17 23:13:24,372 epoch 9 - iter 56/287 - loss 0.00196929 - time (sec): 2.30 - samples/sec: 97.46 - lr: 0.000010 - momentum: 0.000000
2023-11-17 23:13:25,548 epoch 9 - iter 84/287 - loss 0.00189853 - time (sec): 3.47 - samples/sec: 96.69 - lr: 0.000010 - momentum: 0.000000
2023-11-17 23:13:26,702 epoch 9 - iter 112/287 - loss 0.00185665 - time (sec): 4.63 - samples/sec: 96.80 - lr: 0.000009 - momentum: 0.000000
2023-11-17 23:13:27,860 epoch 9 - iter 140/287 - loss 0.00186599 - time (sec): 5.79 - samples/sec: 96.77 - lr: 0.000008 - momentum: 0.000000
2023-11-17 23:13:29,053 epoch 9 - iter 168/287 - loss 0.00184980 - time (sec): 6.98 - samples/sec: 96.28 - lr: 0.000008 - momentum: 0.000000
2023-11-17 23:13:30,235 epoch 9 - iter 196/287 - loss 0.00181087 - time (sec): 8.16 - samples/sec: 96.06 - lr: 0.000007 - momentum: 0.000000
2023-11-17 23:13:31,403 epoch 9 - iter 224/287 - loss 0.00179077 - time (sec): 9.33 - samples/sec: 96.04 - lr: 0.000007 - momentum: 0.000000
2023-11-17 23:13:32,539 epoch 9 - iter 252/287 - loss 0.00180427 - time (sec): 10.47 - samples/sec: 96.32 - lr: 0.000006 - momentum: 0.000000
2023-11-17 23:13:33,693 epoch 9 - iter 280/287 - loss 0.00176759 - time (sec): 11.62 - samples/sec: 96.39 - lr: 0.000006 - momentum: 0.000000
2023-11-17 23:13:33,987 ----------------------------------------------------------------------------------------------------
2023-11-17 23:13:33,987 EPOCH 9 done: loss 0.0017 - lr: 0.000006
2023-11-17 23:13:34,187 DEV : loss 0.014851724728941917 - f1-score (micro avg)  0.7547
2023-11-17 23:13:34,319 ----------------------------------------------------------------------------------------------------
2023-11-17 23:13:35,453 epoch 10 - iter 28/287 - loss 0.00121448 - time (sec): 1.13 - samples/sec: 98.84 - lr: 0.000005 - momentum: 0.000000
2023-11-17 23:13:36,626 epoch 10 - iter 56/287 - loss 0.00127562 - time (sec): 2.31 - samples/sec: 97.12 - lr: 0.000005 - momentum: 0.000000
2023-11-17 23:13:37,784 epoch 10 - iter 84/287 - loss 0.00127357 - time (sec): 3.46 - samples/sec: 96.97 - lr: 0.000004 - momentum: 0.000000
2023-11-17 23:13:38,940 epoch 10 - iter 112/287 - loss 0.00122827 - time (sec): 4.62 - samples/sec: 96.96 - lr: 0.000003 - momentum: 0.000000
2023-11-17 23:13:40,107 epoch 10 - iter 140/287 - loss 0.00124943 - time (sec): 5.79 - samples/sec: 96.76 - lr: 0.000003 - momentum: 0.000000
2023-11-17 23:13:41,275 epoch 10 - iter 168/287 - loss 0.00126844 - time (sec): 6.96 - samples/sec: 96.61 - lr: 0.000002 - momentum: 0.000000
2023-11-17 23:13:42,418 epoch 10 - iter 196/287 - loss 0.00129846 - time (sec): 8.10 - samples/sec: 96.81 - lr: 0.000002 - momentum: 0.000000
2023-11-17 23:13:43,582 epoch 10 - iter 224/287 - loss 0.00125759 - time (sec): 9.26 - samples/sec: 96.73 - lr: 0.000001 - momentum: 0.000000
2023-11-17 23:13:44,751 epoch 10 - iter 252/287 - loss 0.00126881 - time (sec): 10.43 - samples/sec: 96.63 - lr: 0.000001 - momentum: 0.000000
2023-11-17 23:13:45,920 epoch 10 - iter 280/287 - loss 0.00127534 - time (sec): 11.60 - samples/sec: 96.55 - lr: 0.000000 - momentum: 0.000000
2023-11-17 23:13:46,219 ----------------------------------------------------------------------------------------------------
2023-11-17 23:13:46,219 EPOCH 10 done: loss 0.0013 - lr: 0.000000
2023-11-17 23:13:46,432 DEV : loss 0.014631461352109909 - f1-score (micro avg)  0.7559
2023-11-17 23:13:46,746 ----------------------------------------------------------------------------------------------------
2023-11-17 23:13:46,746 Testing using last state of model ...
2023-11-17 23:13:48,229 AVG: mse: 0.0157 - mae: 0.0988 - pearson: 0.7847 - spearman: 0.7713
2023-11-17 23:13:48,229 ----------------------------------------------------------------------------------------------------
