2023-11-17 23:08:01,179 ----------------------------------------------------------------------------------------------------
2023-11-17 23:08:01,179 Model: "TextRegressor(
  (document_embeddings): TransformerDocumentEmbeddings(
    (model): DistilBertModel(
      (embeddings): Embeddings(
        (word_embeddings): Embedding(30523, 768)
        (position_embeddings): Embedding(512, 768)
        (LayerNorm): LayerNorm((768,), eps=1e-12, elementwise_affine=True)
        (dropout): Dropout(p=0.1, inplace=False)
      )
      (transformer): Transformer(
        (layer): ModuleList(
          (0-5): 6 x TransformerBlock(
            (attention): MultiHeadSelfAttention(
              (dropout): Dropout(p=0.1, inplace=False)
              (q_lin): Linear(in_features=768, out_features=768, bias=True)
              (k_lin): Linear(in_features=768, out_features=768, bias=True)
              (v_lin): Linear(in_features=768, out_features=768, bias=True)
              (out_lin): Linear(in_features=768, out_features=768, bias=True)
            )
            (sa_layer_norm): LayerNorm((768,), eps=1e-12, elementwise_affine=True)
            (ffn): FFN(
              (dropout): Dropout(p=0.1, inplace=False)
              (lin1): Linear(in_features=768, out_features=3072, bias=True)
              (lin2): Linear(in_features=3072, out_features=768, bias=True)
              (activation): GELUActivation()
            )
            (output_layer_norm): LayerNorm((768,), eps=1e-12, elementwise_affine=True)
          )
        )
      )
    )
  )
  (decoder): Linear(in_features=768, out_features=1, bias=True)
  (loss_function): MSELoss()
)"
2023-11-17 23:08:01,179 ----------------------------------------------------------------------------------------------------
2023-11-17 23:08:01,179 Corpus: 856 train + 83 dev + 759 test sentences
2023-11-17 23:08:01,179 ----------------------------------------------------------------------------------------------------
2023-11-17 23:08:01,180 Train:  856 sentences
2023-11-17 23:08:01,180         (train_with_dev=False, train_with_test=False)
2023-11-17 23:08:01,180 ----------------------------------------------------------------------------------------------------
2023-11-17 23:08:01,180 Training Params:
2023-11-17 23:08:01,180  - learning_rate: "5e-05" 
2023-11-17 23:08:01,180  - mini_batch_size: "4"
2023-11-17 23:08:01,180  - max_epochs: "10"
2023-11-17 23:08:01,180  - shuffle: "True"
2023-11-17 23:08:01,180 ----------------------------------------------------------------------------------------------------
2023-11-17 23:08:01,180 Plugins:
2023-11-17 23:08:01,180  - LinearScheduler | warmup_fraction: '0.1'
2023-11-17 23:08:01,180 ----------------------------------------------------------------------------------------------------
2023-11-17 23:08:01,180 Final evaluation on model after last epoch (final-model.pt)
2023-11-17 23:08:01,180  - metric: "('micro avg', 'f1-score')"
2023-11-17 23:08:01,180 ----------------------------------------------------------------------------------------------------
2023-11-17 23:08:01,180 Computation:
2023-11-17 23:08:01,180  - compute on device: cuda:0
2023-11-17 23:08:01,180  - embedding storage: none
2023-11-17 23:08:01,180 ----------------------------------------------------------------------------------------------------
2023-11-17 23:08:01,180 Model training base path: "resources/taggers/question-classification-with-transformer/anger"
2023-11-17 23:08:01,180 ----------------------------------------------------------------------------------------------------
2023-11-17 23:08:01,180 ----------------------------------------------------------------------------------------------------
2023-11-17 23:08:02,573 epoch 1 - iter 21/214 - loss 0.12430591 - time (sec): 1.39 - samples/sec: 60.33 - lr: 0.000005 - momentum: 0.000000
2023-11-17 23:08:03,173 epoch 1 - iter 42/214 - loss 0.10878995 - time (sec): 1.99 - samples/sec: 84.30 - lr: 0.000010 - momentum: 0.000000
2023-11-17 23:08:03,784 epoch 1 - iter 63/214 - loss 0.08758709 - time (sec): 2.60 - samples/sec: 96.78 - lr: 0.000014 - momentum: 0.000000
2023-11-17 23:08:04,407 epoch 1 - iter 84/214 - loss 0.07820962 - time (sec): 3.23 - samples/sec: 104.12 - lr: 0.000019 - momentum: 0.000000
2023-11-17 23:08:05,052 epoch 1 - iter 105/214 - loss 0.07003828 - time (sec): 3.87 - samples/sec: 108.48 - lr: 0.000024 - momentum: 0.000000
2023-11-17 23:08:05,706 epoch 1 - iter 126/214 - loss 0.06850118 - time (sec): 4.53 - samples/sec: 111.37 - lr: 0.000029 - momentum: 0.000000
2023-11-17 23:08:06,346 epoch 1 - iter 147/214 - loss 0.06313960 - time (sec): 5.17 - samples/sec: 113.84 - lr: 0.000034 - momentum: 0.000000
2023-11-17 23:08:06,975 epoch 1 - iter 168/214 - loss 0.06120008 - time (sec): 5.80 - samples/sec: 115.96 - lr: 0.000039 - momentum: 0.000000
2023-11-17 23:08:07,613 epoch 1 - iter 189/214 - loss 0.05965635 - time (sec): 6.43 - samples/sec: 117.52 - lr: 0.000044 - momentum: 0.000000
2023-11-17 23:08:08,237 epoch 1 - iter 210/214 - loss 0.07179532 - time (sec): 7.06 - samples/sec: 119.03 - lr: 0.000049 - momentum: 0.000000
2023-11-17 23:08:08,359 ----------------------------------------------------------------------------------------------------
2023-11-17 23:08:08,359 EPOCH 1 done: loss 0.0732 - lr: 0.000049
2023-11-17 23:08:08,464 DEV : loss 0.02915506437420845 - f1-score (micro avg)  0.5291
2023-11-17 23:08:08,483 ----------------------------------------------------------------------------------------------------
2023-11-17 23:08:09,142 epoch 2 - iter 21/214 - loss 0.05539479 - time (sec): 0.66 - samples/sec: 127.60 - lr: 0.000049 - momentum: 0.000000
2023-11-17 23:08:09,808 epoch 2 - iter 42/214 - loss 0.04048186 - time (sec): 1.32 - samples/sec: 126.80 - lr: 0.000049 - momentum: 0.000000
2023-11-17 23:08:10,447 epoch 2 - iter 63/214 - loss 0.03851008 - time (sec): 1.96 - samples/sec: 128.33 - lr: 0.000048 - momentum: 0.000000
2023-11-17 23:08:11,076 epoch 2 - iter 84/214 - loss 0.03512967 - time (sec): 2.59 - samples/sec: 129.57 - lr: 0.000048 - momentum: 0.000000
2023-11-17 23:08:11,717 epoch 2 - iter 105/214 - loss 0.03373544 - time (sec): 3.23 - samples/sec: 129.88 - lr: 0.000047 - momentum: 0.000000
2023-11-17 23:08:12,347 epoch 2 - iter 126/214 - loss 0.03200960 - time (sec): 3.86 - samples/sec: 130.43 - lr: 0.000047 - momentum: 0.000000
2023-11-17 23:08:12,981 epoch 2 - iter 147/214 - loss 0.03302817 - time (sec): 4.50 - samples/sec: 130.73 - lr: 0.000046 - momentum: 0.000000
2023-11-17 23:08:13,614 epoch 2 - iter 168/214 - loss 0.03237809 - time (sec): 5.13 - samples/sec: 130.97 - lr: 0.000046 - momentum: 0.000000
2023-11-17 23:08:14,248 epoch 2 - iter 189/214 - loss 0.03175860 - time (sec): 5.76 - samples/sec: 131.15 - lr: 0.000045 - momentum: 0.000000
2023-11-17 23:08:14,878 epoch 2 - iter 210/214 - loss 0.03183733 - time (sec): 6.40 - samples/sec: 131.35 - lr: 0.000045 - momentum: 0.000000
2023-11-17 23:08:15,002 ----------------------------------------------------------------------------------------------------
2023-11-17 23:08:15,002 EPOCH 2 done: loss 0.0316 - lr: 0.000045
2023-11-17 23:08:15,105 DEV : loss 0.017790263518691063 - f1-score (micro avg)  0.5976
2023-11-17 23:08:15,122 ----------------------------------------------------------------------------------------------------
2023-11-17 23:08:15,745 epoch 3 - iter 21/214 - loss 0.01295226 - time (sec): 0.62 - samples/sec: 134.89 - lr: 0.000044 - momentum: 0.000000
2023-11-17 23:08:16,384 epoch 3 - iter 42/214 - loss 0.01189092 - time (sec): 1.26 - samples/sec: 133.14 - lr: 0.000043 - momentum: 0.000000
2023-11-17 23:08:17,013 epoch 3 - iter 63/214 - loss 0.01384684 - time (sec): 1.89 - samples/sec: 133.25 - lr: 0.000043 - momentum: 0.000000
2023-11-17 23:08:17,633 epoch 3 - iter 84/214 - loss 0.01375000 - time (sec): 2.51 - samples/sec: 133.83 - lr: 0.000042 - momentum: 0.000000
2023-11-17 23:08:18,248 epoch 3 - iter 105/214 - loss 0.01381077 - time (sec): 3.13 - samples/sec: 134.35 - lr: 0.000042 - momentum: 0.000000
2023-11-17 23:08:18,864 epoch 3 - iter 126/214 - loss 0.01436348 - time (sec): 3.74 - samples/sec: 134.70 - lr: 0.000041 - momentum: 0.000000
2023-11-17 23:08:19,479 epoch 3 - iter 147/214 - loss 0.01390665 - time (sec): 4.36 - samples/sec: 134.96 - lr: 0.000041 - momentum: 0.000000
2023-11-17 23:08:20,102 epoch 3 - iter 168/214 - loss 0.01371115 - time (sec): 4.98 - samples/sec: 134.94 - lr: 0.000040 - momentum: 0.000000
2023-11-17 23:08:20,717 epoch 3 - iter 189/214 - loss 0.01388770 - time (sec): 5.59 - samples/sec: 135.13 - lr: 0.000040 - momentum: 0.000000
2023-11-17 23:08:21,337 epoch 3 - iter 210/214 - loss 0.01380362 - time (sec): 6.21 - samples/sec: 135.16 - lr: 0.000039 - momentum: 0.000000
2023-11-17 23:08:21,457 ----------------------------------------------------------------------------------------------------
2023-11-17 23:08:21,457 EPOCH 3 done: loss 0.0138 - lr: 0.000039
2023-11-17 23:08:21,560 DEV : loss 0.01645595021545887 - f1-score (micro avg)  0.6379
2023-11-17 23:08:21,574 ----------------------------------------------------------------------------------------------------
2023-11-17 23:08:22,169 epoch 4 - iter 21/214 - loss 0.01017115 - time (sec): 0.59 - samples/sec: 141.22 - lr: 0.000038 - momentum: 0.000000
2023-11-17 23:08:22,785 epoch 4 - iter 42/214 - loss 0.00859560 - time (sec): 1.21 - samples/sec: 138.76 - lr: 0.000038 - momentum: 0.000000
2023-11-17 23:08:23,421 epoch 4 - iter 63/214 - loss 0.00825083 - time (sec): 1.85 - samples/sec: 136.50 - lr: 0.000037 - momentum: 0.000000
2023-11-17 23:08:24,055 epoch 4 - iter 84/214 - loss 0.01003596 - time (sec): 2.48 - samples/sec: 135.46 - lr: 0.000037 - momentum: 0.000000
2023-11-17 23:08:24,678 epoch 4 - iter 105/214 - loss 0.01052635 - time (sec): 3.10 - samples/sec: 135.34 - lr: 0.000036 - momentum: 0.000000
2023-11-17 23:08:25,293 epoch 4 - iter 126/214 - loss 0.01126391 - time (sec): 3.72 - samples/sec: 135.53 - lr: 0.000036 - momentum: 0.000000
2023-11-17 23:08:25,913 epoch 4 - iter 147/214 - loss 0.01124945 - time (sec): 4.34 - samples/sec: 135.53 - lr: 0.000035 - momentum: 0.000000
2023-11-17 23:08:26,771 epoch 4 - iter 168/214 - loss 0.01112232 - time (sec): 5.20 - samples/sec: 129.32 - lr: 0.000035 - momentum: 0.000000
2023-11-17 23:08:27,618 epoch 4 - iter 189/214 - loss 0.01090601 - time (sec): 6.04 - samples/sec: 125.09 - lr: 0.000034 - momentum: 0.000000
2023-11-17 23:08:28,457 epoch 4 - iter 210/214 - loss 0.01105005 - time (sec): 6.88 - samples/sec: 122.04 - lr: 0.000034 - momentum: 0.000000
2023-11-17 23:08:28,625 ----------------------------------------------------------------------------------------------------
2023-11-17 23:08:28,625 EPOCH 4 done: loss 0.0110 - lr: 0.000034
2023-11-17 23:08:28,782 DEV : loss 0.020221835002303123 - f1-score (micro avg)  0.6261
2023-11-17 23:08:28,797 ----------------------------------------------------------------------------------------------------
2023-11-17 23:08:29,598 epoch 5 - iter 21/214 - loss 0.00666896 - time (sec): 0.80 - samples/sec: 104.92 - lr: 0.000033 - momentum: 0.000000
2023-11-17 23:08:30,467 epoch 5 - iter 42/214 - loss 0.00804840 - time (sec): 1.67 - samples/sec: 100.62 - lr: 0.000032 - momentum: 0.000000
2023-11-17 23:08:31,329 epoch 5 - iter 63/214 - loss 0.00937543 - time (sec): 2.53 - samples/sec: 99.54 - lr: 0.000032 - momentum: 0.000000
2023-11-17 23:08:32,184 epoch 5 - iter 84/214 - loss 0.00971679 - time (sec): 3.39 - samples/sec: 99.21 - lr: 0.000031 - momentum: 0.000000
2023-11-17 23:08:33,049 epoch 5 - iter 105/214 - loss 0.00979630 - time (sec): 4.25 - samples/sec: 98.79 - lr: 0.000031 - momentum: 0.000000
2023-11-17 23:08:33,883 epoch 5 - iter 126/214 - loss 0.00921015 - time (sec): 5.09 - samples/sec: 99.10 - lr: 0.000030 - momentum: 0.000000
2023-11-17 23:08:34,734 epoch 5 - iter 147/214 - loss 0.00907816 - time (sec): 5.94 - samples/sec: 99.05 - lr: 0.000030 - momentum: 0.000000
2023-11-17 23:08:35,583 epoch 5 - iter 168/214 - loss 0.00897235 - time (sec): 6.79 - samples/sec: 99.03 - lr: 0.000029 - momentum: 0.000000
2023-11-17 23:08:36,428 epoch 5 - iter 189/214 - loss 0.00905098 - time (sec): 7.63 - samples/sec: 99.08 - lr: 0.000029 - momentum: 0.000000
2023-11-17 23:08:37,289 epoch 5 - iter 210/214 - loss 0.00873518 - time (sec): 8.49 - samples/sec: 98.92 - lr: 0.000028 - momentum: 0.000000
2023-11-17 23:08:37,455 ----------------------------------------------------------------------------------------------------
2023-11-17 23:08:37,455 EPOCH 5 done: loss 0.0087 - lr: 0.000028
2023-11-17 23:08:37,621 DEV : loss 0.015001385472714901 - f1-score (micro avg)  0.6541
2023-11-17 23:08:37,636 ----------------------------------------------------------------------------------------------------
2023-11-17 23:08:38,449 epoch 6 - iter 21/214 - loss 0.00714466 - time (sec): 0.81 - samples/sec: 103.42 - lr: 0.000027 - momentum: 0.000000
2023-11-17 23:08:39,295 epoch 6 - iter 42/214 - loss 0.00725842 - time (sec): 1.66 - samples/sec: 101.27 - lr: 0.000027 - momentum: 0.000000
2023-11-17 23:08:40,142 epoch 6 - iter 63/214 - loss 0.00632227 - time (sec): 2.51 - samples/sec: 100.57 - lr: 0.000026 - momentum: 0.000000
2023-11-17 23:08:41,047 epoch 6 - iter 84/214 - loss 0.00707874 - time (sec): 3.41 - samples/sec: 98.52 - lr: 0.000026 - momentum: 0.000000
2023-11-17 23:08:41,897 epoch 6 - iter 105/214 - loss 0.00665126 - time (sec): 4.26 - samples/sec: 98.59 - lr: 0.000025 - momentum: 0.000000
2023-11-17 23:08:42,742 epoch 6 - iter 126/214 - loss 0.00704797 - time (sec): 5.11 - samples/sec: 98.72 - lr: 0.000025 - momentum: 0.000000
2023-11-17 23:08:43,607 epoch 6 - iter 147/214 - loss 0.00725869 - time (sec): 5.97 - samples/sec: 98.49 - lr: 0.000024 - momentum: 0.000000
2023-11-17 23:08:44,477 epoch 6 - iter 168/214 - loss 0.00699231 - time (sec): 6.84 - samples/sec: 98.23 - lr: 0.000024 - momentum: 0.000000
2023-11-17 23:08:45,334 epoch 6 - iter 189/214 - loss 0.00683816 - time (sec): 7.70 - samples/sec: 98.21 - lr: 0.000023 - momentum: 0.000000
2023-11-17 23:08:46,177 epoch 6 - iter 210/214 - loss 0.00652236 - time (sec): 8.54 - samples/sec: 98.35 - lr: 0.000022 - momentum: 0.000000
2023-11-17 23:08:46,343 ----------------------------------------------------------------------------------------------------
2023-11-17 23:08:46,343 EPOCH 6 done: loss 0.0065 - lr: 0.000022
2023-11-17 23:08:46,499 DEV : loss 0.01370285265147686 - f1-score (micro avg)  0.6814
2023-11-17 23:08:46,515 ----------------------------------------------------------------------------------------------------
2023-11-17 23:08:47,316 epoch 7 - iter 21/214 - loss 0.00412121 - time (sec): 0.80 - samples/sec: 104.94 - lr: 0.000022 - momentum: 0.000000
2023-11-17 23:08:48,161 epoch 7 - iter 42/214 - loss 0.00431326 - time (sec): 1.65 - samples/sec: 102.07 - lr: 0.000021 - momentum: 0.000000
2023-11-17 23:08:49,018 epoch 7 - iter 63/214 - loss 0.00381693 - time (sec): 2.50 - samples/sec: 100.70 - lr: 0.000021 - momentum: 0.000000
2023-11-17 23:08:49,864 epoch 7 - iter 84/214 - loss 0.00408023 - time (sec): 3.35 - samples/sec: 100.34 - lr: 0.000020 - momentum: 0.000000
2023-11-17 23:08:50,713 epoch 7 - iter 105/214 - loss 0.00402730 - time (sec): 4.20 - samples/sec: 100.05 - lr: 0.000020 - momentum: 0.000000
2023-11-17 23:08:51,561 epoch 7 - iter 126/214 - loss 0.00369951 - time (sec): 5.05 - samples/sec: 99.88 - lr: 0.000019 - momentum: 0.000000
2023-11-17 23:08:52,401 epoch 7 - iter 147/214 - loss 0.00360852 - time (sec): 5.89 - samples/sec: 99.90 - lr: 0.000019 - momentum: 0.000000
2023-11-17 23:08:53,257 epoch 7 - iter 168/214 - loss 0.00353262 - time (sec): 6.74 - samples/sec: 99.68 - lr: 0.000018 - momentum: 0.000000
2023-11-17 23:08:54,089 epoch 7 - iter 189/214 - loss 0.00365162 - time (sec): 7.57 - samples/sec: 99.82 - lr: 0.000017 - momentum: 0.000000
2023-11-17 23:08:54,934 epoch 7 - iter 210/214 - loss 0.00360014 - time (sec): 8.42 - samples/sec: 99.77 - lr: 0.000017 - momentum: 0.000000
2023-11-17 23:08:55,101 ----------------------------------------------------------------------------------------------------
2023-11-17 23:08:55,102 EPOCH 7 done: loss 0.0036 - lr: 0.000017
2023-11-17 23:08:55,252 DEV : loss 0.013541478663682938 - f1-score (micro avg)  0.6814
2023-11-17 23:08:55,266 ----------------------------------------------------------------------------------------------------
2023-11-17 23:08:56,087 epoch 8 - iter 21/214 - loss 0.00206509 - time (sec): 0.82 - samples/sec: 102.37 - lr: 0.000016 - momentum: 0.000000
2023-11-17 23:08:56,941 epoch 8 - iter 42/214 - loss 0.00206383 - time (sec): 1.67 - samples/sec: 100.34 - lr: 0.000016 - momentum: 0.000000
2023-11-17 23:08:57,796 epoch 8 - iter 63/214 - loss 0.00211809 - time (sec): 2.53 - samples/sec: 99.64 - lr: 0.000015 - momentum: 0.000000
2023-11-17 23:08:58,639 epoch 8 - iter 84/214 - loss 0.00196985 - time (sec): 3.37 - samples/sec: 99.64 - lr: 0.000015 - momentum: 0.000000
2023-11-17 23:08:59,517 epoch 8 - iter 105/214 - loss 0.00209894 - time (sec): 4.25 - samples/sec: 98.83 - lr: 0.000014 - momentum: 0.000000
2023-11-17 23:09:00,366 epoch 8 - iter 126/214 - loss 0.00209986 - time (sec): 5.10 - samples/sec: 98.85 - lr: 0.000014 - momentum: 0.000000
2023-11-17 23:09:01,196 epoch 8 - iter 147/214 - loss 0.00217306 - time (sec): 5.93 - samples/sec: 99.18 - lr: 0.000013 - momentum: 0.000000
2023-11-17 23:09:02,070 epoch 8 - iter 168/214 - loss 0.00223234 - time (sec): 6.80 - samples/sec: 98.78 - lr: 0.000012 - momentum: 0.000000
2023-11-17 23:09:02,924 epoch 8 - iter 189/214 - loss 0.00225434 - time (sec): 7.66 - samples/sec: 98.73 - lr: 0.000012 - momentum: 0.000000
2023-11-17 23:09:03,793 epoch 8 - iter 210/214 - loss 0.00228619 - time (sec): 8.53 - samples/sec: 98.52 - lr: 0.000011 - momentum: 0.000000
2023-11-17 23:09:03,950 ----------------------------------------------------------------------------------------------------
2023-11-17 23:09:03,950 EPOCH 8 done: loss 0.0023 - lr: 0.000011
2023-11-17 23:09:04,110 DEV : loss 0.01416864525526762 - f1-score (micro avg)  0.6683
2023-11-17 23:09:04,124 ----------------------------------------------------------------------------------------------------
2023-11-17 23:09:04,939 epoch 9 - iter 21/214 - loss 0.00224694 - time (sec): 0.81 - samples/sec: 103.19 - lr: 0.000011 - momentum: 0.000000
2023-11-17 23:09:05,796 epoch 9 - iter 42/214 - loss 0.00201002 - time (sec): 1.67 - samples/sec: 100.55 - lr: 0.000010 - momentum: 0.000000
2023-11-17 23:09:06,641 epoch 9 - iter 63/214 - loss 0.00186260 - time (sec): 2.52 - samples/sec: 100.15 - lr: 0.000010 - momentum: 0.000000
2023-11-17 23:09:07,503 epoch 9 - iter 84/214 - loss 0.00206664 - time (sec): 3.38 - samples/sec: 99.48 - lr: 0.000009 - momentum: 0.000000
2023-11-17 23:09:08,338 epoch 9 - iter 105/214 - loss 0.00227436 - time (sec): 4.21 - samples/sec: 99.68 - lr: 0.000009 - momentum: 0.000000
2023-11-17 23:09:09,196 epoch 9 - iter 126/214 - loss 0.00218674 - time (sec): 5.07 - samples/sec: 99.38 - lr: 0.000008 - momentum: 0.000000
2023-11-17 23:09:10,075 epoch 9 - iter 147/214 - loss 0.00214750 - time (sec): 5.95 - samples/sec: 98.82 - lr: 0.000007 - momentum: 0.000000
2023-11-17 23:09:10,932 epoch 9 - iter 168/214 - loss 0.00203573 - time (sec): 6.81 - samples/sec: 98.72 - lr: 0.000007 - momentum: 0.000000
2023-11-17 23:09:11,790 epoch 9 - iter 189/214 - loss 0.00198543 - time (sec): 7.67 - samples/sec: 98.63 - lr: 0.000006 - momentum: 0.000000
2023-11-17 23:09:12,653 epoch 9 - iter 210/214 - loss 0.00192031 - time (sec): 8.53 - samples/sec: 98.50 - lr: 0.000006 - momentum: 0.000000
2023-11-17 23:09:12,816 ----------------------------------------------------------------------------------------------------
2023-11-17 23:09:12,816 EPOCH 9 done: loss 0.0019 - lr: 0.000006
2023-11-17 23:09:12,966 DEV : loss 0.013762915506958961 - f1-score (micro avg)  0.6726
2023-11-17 23:09:12,980 ----------------------------------------------------------------------------------------------------
2023-11-17 23:09:13,804 epoch 10 - iter 21/214 - loss 0.00218018 - time (sec): 0.82 - samples/sec: 102.06 - lr: 0.000005 - momentum: 0.000000
2023-11-17 23:09:14,676 epoch 10 - iter 42/214 - loss 0.00205363 - time (sec): 1.70 - samples/sec: 99.09 - lr: 0.000005 - momentum: 0.000000
2023-11-17 23:09:15,541 epoch 10 - iter 63/214 - loss 0.00191195 - time (sec): 2.56 - samples/sec: 98.43 - lr: 0.000004 - momentum: 0.000000
2023-11-17 23:09:16,411 epoch 10 - iter 84/214 - loss 0.00179280 - time (sec): 3.43 - samples/sec: 97.96 - lr: 0.000004 - momentum: 0.000000
2023-11-17 23:09:17,265 epoch 10 - iter 105/214 - loss 0.00166735 - time (sec): 4.28 - samples/sec: 98.03 - lr: 0.000003 - momentum: 0.000000
2023-11-17 23:09:18,122 epoch 10 - iter 126/214 - loss 0.00160987 - time (sec): 5.14 - samples/sec: 98.03 - lr: 0.000002 - momentum: 0.000000
2023-11-17 23:09:18,981 epoch 10 - iter 147/214 - loss 0.00159944 - time (sec): 6.00 - samples/sec: 98.00 - lr: 0.000002 - momentum: 0.000000
2023-11-17 23:09:19,836 epoch 10 - iter 168/214 - loss 0.00154025 - time (sec): 6.86 - samples/sec: 98.03 - lr: 0.000001 - momentum: 0.000000
2023-11-17 23:09:20,698 epoch 10 - iter 189/214 - loss 0.00151803 - time (sec): 7.72 - samples/sec: 97.97 - lr: 0.000001 - momentum: 0.000000
2023-11-17 23:09:21,547 epoch 10 - iter 210/214 - loss 0.00149904 - time (sec): 8.57 - samples/sec: 98.06 - lr: 0.000000 - momentum: 0.000000
2023-11-17 23:09:21,705 ----------------------------------------------------------------------------------------------------
2023-11-17 23:09:21,705 EPOCH 10 done: loss 0.0015 - lr: 0.000000
2023-11-17 23:09:21,867 DEV : loss 0.013817611150443554 - f1-score (micro avg)  0.6821
2023-11-17 23:09:22,163 ----------------------------------------------------------------------------------------------------
2023-11-17 23:09:22,163 Testing using last state of model ...
2023-11-17 23:09:23,272 AVG: mse: 0.0139 - mae: 0.0946 - pearson: 0.7334 - spearman: 0.7165
2023-11-17 23:09:23,272 ----------------------------------------------------------------------------------------------------
